<?xml version="1.0" encoding="UTF-8"?>
<testng-results skipped="0" failed="1" ignored="0" total="1" passed="0">
  <reporter-output>
  </reporter-output>
  <suite name="COSAC_CLIENT" duration-ms="52409" started-at="2020-05-14T09:56:54Z" finished-at="2020-05-14T09:57:46Z">
    <groups>
    </groups>
    <test name="cosacProject Chrome Test1" duration-ms="52409" started-at="2020-05-14T09:56:54Z" finished-at="2020-05-14T09:57:46Z">
      <class name="com.cosac.TestCases.COS24_NewCustomer3">
        <test-method status="FAIL" signature="Client()[pri:0, instance:com.cosac.TestCases.COS24_NewCustomer3@71c8becc]" name="Client" duration-ms="52351" started-at="2020-05-14T09:56:54Z" finished-at="2020-05-14T09:57:46Z">
          <exception class="java.lang.AssertionError">
            <message>
              <![CDATA[can not find .\target\CUstomerID.png in S(0)[0,0 1920x1080]]]>
            </message>
            <full-stacktrace>
              <![CDATA[java.lang.AssertionError: can not find .\target\CUstomerID.png in S(0)[0,0 1920x1080]
at org.testng.Assert.fail(Assert.java:96)
at com.cosac.TestCases.COS24_NewCustomer3.Client(COS24_NewCustomer3.java:414)
at sun.reflect.NativeMethodAccessorImpl.invoke0(Native Method)
at sun.reflect.NativeMethodAccessorImpl.invoke(Unknown Source)
at sun.reflect.DelegatingMethodAccessorImpl.invoke(Unknown Source)
at java.lang.reflect.Method.invoke(Unknown Source)
at org.testng.internal.MethodInvocationHelper.invokeMethod(MethodInvocationHelper.java:124)
at org.testng.internal.Invoker.invokeMethod(Invoker.java:583)
at org.testng.internal.Invoker.invokeTestMethod(Invoker.java:719)
at org.testng.internal.Invoker.invokeTestMethods(Invoker.java:989)
at org.testng.internal.TestMethodWorker.invokeTestMethods(TestMethodWorker.java:125)
at org.testng.internal.TestMethodWorker.run(TestMethodWorker.java:109)
at org.testng.TestRunner.privateRun(TestRunner.java:648)
at org.testng.TestRunner.run(TestRunner.java:505)
at org.testng.SuiteRunner.runTest(SuiteRunner.java:455)
at org.testng.SuiteRunner.runSequentially(SuiteRunner.java:450)
at org.testng.SuiteRunner.privateRun(SuiteRunner.java:415)
at org.testng.SuiteRunner.run(SuiteRunner.java:364)
at org.testng.SuiteRunnerWorker.runSuite(SuiteRunnerWorker.java:52)
at org.testng.SuiteRunnerWorker.run(SuiteRunnerWorker.java:84)
at org.testng.TestNG.runSuitesSequentially(TestNG.java:1208)
at org.testng.TestNG.runSuitesLocally(TestNG.java:1137)
at org.testng.TestNG.runSuites(TestNG.java:1049)
at org.testng.TestNG.run(TestNG.java:1017)
at org.testng.remote.AbstractRemoteTestNG.run(AbstractRemoteTestNG.java:115)
at org.testng.remote.RemoteTestNG.initAndRun(RemoteTestNG.java:251)
at org.testng.remote.RemoteTestNG.main(RemoteTestNG.java:77)
]]>
            </full-stacktrace>
          </exception> <!-- java.lang.AssertionError -->
          <reporter-output>
          </reporter-output>
        </test-method> <!-- Client -->
      </class> <!-- com.cosac.TestCases.COS24_NewCustomer3 -->
    </test> <!-- cosacProject Chrome Test1 -->
  </suite> <!-- COSAC_CLIENT -->
</testng-results>
